<?xml version="1.0" encoding="UTF-8"?>
<testsuite name="ch.zhaw.ads.ADS11_2_test" tests="5" skipped="0" failures="0" errors="0" timestamp="2023-12-18T17:36:51" hostname="DESKTOP-61GV2KP" time="2.558">
  <properties/>
  <testcase name="testRandomData()" classname="ch.zhaw.ads.ADS11_2_test" time="0.028"/>
  <testcase name="testBubbleSort()" classname="ch.zhaw.ads.ADS11_2_test" time="0.186"/>
  <testcase name="testAscendingData()" classname="ch.zhaw.ads.ADS11_2_test" time="0.001"/>
  <testcase name="testDescendingData()" classname="ch.zhaw.ads.ADS11_2_test" time="0.001"/>
  <testcase name="testMeasureTime()" classname="ch.zhaw.ads.ADS11_2_test" time="2.337"/>
  <system-out><![CDATA[]]></system-out>
  <system-err><![CDATA[]]></system-err>
</testsuite>
