<?xml version="1.0" encoding="UTF-8"?>
<testsuite name="ch.zhaw.ads.ADS9_4_test" tests="7" skipped="0" failures="0" errors="0" timestamp="2023-12-18T17:34:37" hostname="DESKTOP-61GV2KP" time="0.01">
  <properties/>
  <testcase name="testAdd()" classname="ch.zhaw.ads.ADS9_4_test" time="0.001"/>
  <testcase name="testMixed()" classname="ch.zhaw.ads.ADS9_4_test" time="0.001"/>
  <testcase name="testAdd2()" classname="ch.zhaw.ads.ADS9_4_test" time="0.001"/>
  <testcase name="testAdd3()" classname="ch.zhaw.ads.ADS9_4_test" time="0.0"/>
  <testcase name="testAdd4()" classname="ch.zhaw.ads.ADS9_4_test" time="0.0"/>
  <testcase name="testSize()" classname="ch.zhaw.ads.ADS9_4_test" time="0.001"/>
  <testcase name="testRemove()" classname="ch.zhaw.ads.ADS9_4_test" time="0.0"/>
  <system-out><![CDATA[]]></system-out>
  <system-err><![CDATA[]]></system-err>
</testsuite>
