<?xml version="1.0" encoding="UTF-8"?>
<testsuite name="ch.zhaw.ads.ADS5_5_test" tests="1" skipped="0" failures="0" errors="0" timestamp="2023-12-18T17:33:41" hostname="DESKTOP-61GV2KP" time="0.004">
  <properties/>
  <testcase name="testInterval()" classname="ch.zhaw.ads.ADS5_5_test" time="0.004"/>
  <system-out><![CDATA[]]></system-out>
  <system-err><![CDATA[]]></system-err>
</testsuite>
