<?xml version="1.0" encoding="UTF-8"?>
<testsuite name="ch.zhaw.ads.ADS5_4_test" tests="3" skipped="0" failures="0" errors="0" timestamp="2023-12-18T17:33:41" hostname="DESKTOP-61GV2KP" time="0.004">
  <properties/>
  <testcase name="testSize()" classname="ch.zhaw.ads.ADS5_4_test" time="0.001"/>
  <testcase name="testSizeMixed()" classname="ch.zhaw.ads.ADS5_4_test" time="0.002"/>
  <testcase name="testHeight()" classname="ch.zhaw.ads.ADS5_4_test" time="0.001"/>
  <system-out><![CDATA[]]></system-out>
  <system-err><![CDATA[]]></system-err>
</testsuite>
