<?xml version="1.0" encoding="UTF-8"?>
<testsuite name="ch.zhaw.ads.ADS5_2_test" tests="5" skipped="0" failures="0" errors="0" timestamp="2023-12-18T17:33:41" hostname="DESKTOP-61GV2KP" time="0.028">
  <properties/>
  <testcase name="testPostorder()" classname="ch.zhaw.ads.ADS5_2_test" time="0.019"/>
  <testcase name="testMixed()" classname="ch.zhaw.ads.ADS5_2_test" time="0.004"/>
  <testcase name="testPreorder()" classname="ch.zhaw.ads.ADS5_2_test" time="0.0"/>
  <testcase name="testLevelorder()" classname="ch.zhaw.ads.ADS5_2_test" time="0.001"/>
  <testcase name="testInorder()" classname="ch.zhaw.ads.ADS5_2_test" time="0.0"/>
  <system-out><![CDATA[]]></system-out>
  <system-err><![CDATA[]]></system-err>
</testsuite>
