<?xml version="1.0" encoding="UTF-8"?>
<testsuite name="ch.zhaw.ads.ADS8_4_test" tests="3" skipped="0" failures="0" errors="0" timestamp="2023-12-18T17:43:23" hostname="DESKTOP-61GV2KP" time="0.046">
  <properties/>
  <testcase name="testCreateGraph()" classname="ch.zhaw.ads.ADS8_4_test" time="0.021"/>
  <testcase name="testDrawRoute()" classname="ch.zhaw.ads.ADS8_4_test" time="0.02"/>
  <testcase name="testDrawLabyrinth()" classname="ch.zhaw.ads.ADS8_4_test" time="0.003"/>
  <system-out><![CDATA[]]></system-out>
  <system-err><![CDATA[]]></system-err>
</testsuite>
