<?xml version="1.0" encoding="UTF-8"?>
<testsuite name="ch.zhaw.ads.ADS1_1_test" tests="1" skipped="0" failures="0" errors="0" timestamp="2023-12-18T17:32:50" hostname="DESKTOP-61GV2KP" time="0.018">
  <properties/>
  <testcase name="testKgv()" classname="ch.zhaw.ads.ADS1_1_test" time="0.018"/>
  <system-out><![CDATA[]]></system-out>
  <system-err><![CDATA[]]></system-err>
</testsuite>
