<?xml version="1.0" encoding="UTF-8"?>
<testsuite name="ch.zhaw.ads.ADS1_2_test" tests="5" skipped="0" failures="0" errors="0" timestamp="2023-12-18T17:32:50" hostname="DESKTOP-61GV2KP" time="0.01">
  <properties/>
  <testcase name="testPush1()" classname="ch.zhaw.ads.ADS1_2_test" time="0.002"/>
  <testcase name="testPush2()" classname="ch.zhaw.ads.ADS1_2_test" time="0.001"/>
  <testcase name="testIsFull()" classname="ch.zhaw.ads.ADS1_2_test" time="0.002"/>
  <testcase name="testIsEmpty()" classname="ch.zhaw.ads.ADS1_2_test" time="0.001"/>
  <testcase name="testEmptyPop()" classname="ch.zhaw.ads.ADS1_2_test" time="0.002"/>
  <system-out><![CDATA[]]></system-out>
  <system-err><![CDATA[]]></system-err>
</testsuite>
