<?xml version="1.0" encoding="UTF-8"?>
<testsuite name="ch.zhaw.ads.ADS7_3_test" tests="2" skipped="0" failures="0" errors="0" timestamp="2023-12-18T17:34:02" hostname="DESKTOP-61GV2KP" time="0.03">
  <properties/>
  <testcase name="testCreateGrasphEdges()" classname="ch.zhaw.ads.ADS7_3_test" time="0.027"/>
  <testcase name="testCreateGrasphNodes()" classname="ch.zhaw.ads.ADS7_3_test" time="0.002"/>
  <system-out><![CDATA[]]></system-out>
  <system-err><![CDATA[]]></system-err>
</testsuite>
