<?xml version="1.0" encoding="UTF-8"?>
<testsuite name="ch.zhaw.ads.ADS4_2_test" tests="2" skipped="0" failures="0" errors="0" timestamp="2023-12-18T17:33:29" hostname="DESKTOP-61GV2KP" time="0.009">
  <properties/>
  <testcase name="testCountEdges()" classname="ch.zhaw.ads.ADS4_2_test" time="0.001"/>
  <testcase name="testAngles()" classname="ch.zhaw.ads.ADS4_2_test" time="0.007"/>
  <system-out><![CDATA[]]></system-out>
  <system-err><![CDATA[]]></system-err>
</testsuite>
