<?xml version="1.0" encoding="UTF-8"?>
<testsuite name="ch.zhaw.ads.ADS12_3_test" tests="4" skipped="0" failures="0" errors="0" timestamp="2023-12-18T17:39:58" hostname="LAPTOP-3V8LK7IN" time="6.599">
  <properties/>
  <testcase name="testRandomData()" classname="ch.zhaw.ads.ADS12_3_test" time="0.044"/>
  <testcase name="testAscendingData()" classname="ch.zhaw.ads.ADS12_3_test" time="2.587"/>
  <testcase name="testCompleteData()" classname="ch.zhaw.ads.ADS12_3_test" time="2.207"/>
  <testcase name="testDescendingData()" classname="ch.zhaw.ads.ADS12_3_test" time="1.754"/>
  <system-out><![CDATA[]]></system-out>
  <system-err><![CDATA[]]></system-err>
</testsuite>
