<?xml version="1.0" encoding="UTF-8"?>
<testsuite name="ch.zhaw.ads.ADS10_3_test" tests="4" skipped="0" failures="0" errors="0" timestamp="2023-12-18T17:34:47" hostname="DESKTOP-61GV2KP" time="0.033">
  <properties/>
  <testcase name="testFind()" classname="ch.zhaw.ads.ADS10_3_test" time="0.027"/>
  <testcase name="testTrigramForName()" classname="ch.zhaw.ads.ADS10_3_test" time="0.003"/>
  <testcase name="testAddToTrigrams()" classname="ch.zhaw.ads.ADS10_3_test" time="0.001"/>
  <testcase name="testLoadNames()" classname="ch.zhaw.ads.ADS10_3_test" time="0.0"/>
  <system-out><![CDATA[]]></system-out>
  <system-err><![CDATA[]]></system-err>
</testsuite>
