<?xml version="1.0" encoding="UTF-8"?>
<testsuite name="ch.zhaw.ads.ADS3_1_test" tests="2" skipped="0" failures="0" errors="0" timestamp="2023-12-18T17:33:18" hostname="DESKTOP-61GV2KP" time="0.031">
  <properties/>
  <testcase name="testCompare()" classname="ch.zhaw.ads.ADS3_1_test" time="0.027"/>
  <testcase name="testEquals()" classname="ch.zhaw.ads.ADS3_1_test" time="0.002"/>
  <system-out><![CDATA[]]></system-out>
  <system-err><![CDATA[]]></system-err>
</testsuite>
