<?xml version="1.0" encoding="UTF-8"?>
<testsuite name="ch.zhaw.ads.ADS3_3_test" tests="1" skipped="0" failures="0" errors="0" timestamp="2023-12-18T17:33:18" hostname="DESKTOP-61GV2KP" time="0.008">
  <properties/>
  <testcase name="testCreateText()" classname="ch.zhaw.ads.ADS3_3_test" time="0.008"/>
  <system-out><![CDATA[]]></system-out>
  <system-err><![CDATA[]]></system-err>
</testsuite>
